#
# There is insufficient memory for the Java Runtime Environment to continue.
# Native memory allocation (malloc) failed to allocate 185696 bytes for Chunk::new
# Possible reasons:
#   The system is out of physical RAM or swap space
#   In 32 bit mode, the process size limit was hit
# Possible solutions:
#   Reduce memory load on the system
#   Increase physical memory or swap space
#   Check if swap backing store is full
#   Use 64 bit Java on a 64 bit OS
#   Decrease Java heap size (-Xmx/-Xms)
#   Decrease number of Java threads
#   Decrease Java thread stack sizes (-Xss)
#   Set larger code cache with -XX:ReservedCodeCacheSize=
# This output file may be truncated or incomplete.
#
#  Out of Memory Error (allocation.cpp:323), pid=17288, tid=4904
#
# JRE version: Java(TM) SE Runtime Environment (7.0_51-b13) (build 1.7.0_51-b13)
# Java VM: Java HotSpot(TM) 64-Bit Server VM (24.51-b03 mixed mode windows-amd64 compressed oops)
# Failed to write core dump. Minidumps are not enabled by default on client versions of Windows
#

---------------  T H R E A D  ---------------

Current thread (0x000000000837b000):  JavaThread "C2 CompilerThread1" daemon [_thread_in_native, id=4904, stack(0x0000000009af0000,0x0000000009bf0000)]

Stack: [0x0000000009af0000,0x0000000009bf0000]

Current CompileTask:
C2:  17299  653             com.google.gwt.dev.jjs.impl.DeadCodeElimination$DeadCodeVisitor::endVisit (267 bytes)


---------------  P R O C E S S  ---------------

Java Threads: ( => current thread )
  0x0000000008383800 JavaThread "Service Thread" daemon [_thread_blocked, id=16524, stack(0x0000000009e50000,0x0000000009f50000)]
=>0x000000000837b000 JavaThread "C2 CompilerThread1" daemon [_thread_in_native, id=4904, stack(0x0000000009af0000,0x0000000009bf0000)]
  0x0000000008376000 JavaThread "C2 CompilerThread0" daemon [_thread_in_native, id=6392, stack(0x0000000009bf0000,0x0000000009cf0000)]
  0x0000000008375000 JavaThread "Attach Listener" daemon [_thread_blocked, id=13660, stack(0x0000000009810000,0x0000000009910000)]
  0x000000000836d000 JavaThread "Signal Dispatcher" daemon [_thread_blocked, id=12744, stack(0x00000000099e0000,0x0000000009ae0000)]
  0x000000000831a800 JavaThread "Finalizer" daemon [_thread_blocked, id=16472, stack(0x00000000096f0000,0x00000000097f0000)]
  0x0000000008311800 JavaThread "Reference Handler" daemon [_thread_blocked, id=14328, stack(0x0000000009560000,0x0000000009660000)]
  0x000000000213a000 JavaThread "main" [_thread_in_vm, id=17368, stack(0x0000000002300000,0x0000000002400000)]

Other Threads:
  0x000000000830a800 VMThread [stack: 0x0000000009460000,0x0000000009560000] [id=17396]
  0x000000000838f800 WatcherThread [stack: 0x000000000a3c0000,0x000000000a4c0000] [id=10252]

VM state:not at safepoint (normal execution)

VM Mutex/Monitor currently owned by a thread: None

Heap
 PSYoungGen      total 153600K, used 30634K [0x00000000eaa80000, 0x00000000fd680000, 0x0000000100000000)
  eden space 132096K, 9% used [0x00000000eaa80000,0x00000000eb6fcc58,0x00000000f2b80000)
  from space 21504K, 82% used [0x00000000f2b80000,0x00000000f3cedce0,0x00000000f4080000)
  to   space 21504K, 0% used [0x00000000fc180000,0x00000000fc180000,0x00000000fd680000)
 ParOldGen       total 349696K, used 0K [0x00000000c0000000, 0x00000000d5580000, 0x00000000eaa80000)
  object space 349696K, 0% used [0x00000000c0000000,0x00000000c0000000,0x00000000d5580000)
 PSPermGen       total 21504K, used 7480K [0x00000000bae00000, 0x00000000bc300000, 0x00000000c0000000)
  object space 21504K, 34% used [0x00000000bae00000,0x00000000bb54e0c8,0x00000000bc300000)

Card table byte_map: [0x0000000005400000,0x0000000005630000] byte_map_base: 0x0000000004e29000

Polling page: 0x0000000000230000

Code Cache  [0x0000000002400000, 0x0000000002670000, 0x0000000005400000)
 total_blobs=802 nmethods=569 adapters=185 free_code_cache=47617Kb largest_free_block=48710720

Compilation events (10 events):
Event: 17.216 Thread 0x000000000837b000  648 %           com.google.gwt.dev.jjs.impl.DeadCodeElimination$DeadCodeVisitor::endVisit @ 16 (267 bytes)
Event: 17.216 Thread 0x0000000008376000  649             com.google.gwt.dev.jjs.impl.DeadCodeElimination$DeadCodeVisitor::endVisit (117 bytes)
Event: 17.241 Thread 0x000000000837b000 nmethod 648% 0x000000000258a490 code [0x000000000258a6e0, 0x000000000258af50]
Event: 17.241 Thread 0x000000000837b000  650             java.util.ArrayList$SubList$1::hasNext (20 bytes)
Event: 17.242 Thread 0x000000000837b000 nmethod 650 0x00000000024e0490 code [0x00000000024e05c0, 0x00000000024e0638]
Event: 17.242 Thread 0x000000000837b000  651             com.google.gwt.dev.jjs.impl.DeadCodeElimination$DeadCodeVisitor::endVisit (39 bytes)
Event: 17.251 Thread 0x000000000837b000 nmethod 651 0x0000000002583e90 code [0x0000000002584000, 0x00000000025842c8]
Event: 17.251 Thread 0x000000000837b000  652             java.lang.Enum::ordinal (5 bytes)
Event: 17.252 Thread 0x000000000837b000 nmethod 652 0x0000000002584790 code [0x00000000025848c0, 0x0000000002584918]
Event: 17.252 Thread 0x000000000837b000  653             com.google.gwt.dev.jjs.impl.DeadCodeElimination$DeadCodeVisitor::endVisit (267 bytes)

GC Heap History (2 events):
Event: 16.855 GC heap before
{Heap before GC invocations=1 (full 0):
 PSYoungGen      total 153600K, used 132096K [0x00000000eaa80000, 0x00000000f5580000, 0x0000000100000000)
  eden space 132096K, 100% used [0x00000000eaa80000,0x00000000f2b80000,0x00000000f2b80000)
  from space 21504K, 0% used [0x00000000f4080000,0x00000000f4080000,0x00000000f5580000)
  to   space 21504K, 0% used [0x00000000f2b80000,0x00000000f2b80000,0x00000000f4080000)
 ParOldGen       total 349696K, used 0K [0x00000000c0000000, 0x00000000d5580000, 0x00000000eaa80000)
  object space 349696K, 0% used [0x00000000c0000000,0x00000000c0000000,0x00000000d5580000)
 PSPermGen       total 21504K, used 7475K [0x00000000bae00000, 0x00000000bc300000, 0x00000000c0000000)
  object space 21504K, 34% used [0x00000000bae00000,0x00000000bb54cfe0,0x00000000bc300000)
Event: 17.050 GC heap after
Heap after GC invocations=1 (full 0):
 PSYoungGen      total 153600K, used 17847K [0x00000000eaa80000, 0x00000000fd680000, 0x0000000100000000)
  eden space 132096K, 0% used [0x00000000eaa80000,0x00000000eaa80000,0x00000000f2b80000)
  from space 21504K, 82% used [0x00000000f2b80000,0x00000000f3cedce0,0x00000000f4080000)
  to   space 21504K, 0% used [0x00000000fc180000,0x00000000fc180000,0x00000000fd680000)
 ParOldGen       total 349696K, used 0K [0x00000000c0000000, 0x00000000d5580000, 0x00000000eaa80000)
  object space 349696K, 0% used [0x00000000c0000000,0x00000000c0000000,0x00000000d5580000)
 PSPermGen       total 21504K, used 7475K [0x00000000bae00000, 0x00000000bc300000, 0x00000000c0000000)
  object space 21504K, 34% used [0x00000000bae00000,0x00000000bb54cfe0,0x00000000bc300000)
}

Deoptimization events (10 events):
Event: 15.902 Thread 0x000000000213a000 Uncommon trap: reason=class_check action=maybe_recompile pc=0x00000000024ea55c method=com.google.gwt.dev.jjs.ast.JClassType.isEnumOrSubclass()Lcom/google/gwt/dev/jjs/ast/JEnumType; @ 11
Event: 15.902 Thread 0x000000000213a000 Uncommon trap: reason=class_check action=maybe_recompile pc=0x000000000247efd0 method=com.google.gwt.dev.jjs.ast.JClassType.isEnumOrSubclass()Lcom/google/gwt/dev/jjs/ast/JEnumType; @ 11
Event: 16.479 Thread 0x000000000213a000 Uncommon trap: reason=class_check action=maybe_recompile pc=0x00000000024dbda0 method=java.util.HashMap.<init>(IF)V @ 115
Event: 16.480 Thread 0x000000000213a000 Uncommon trap: reason=class_check action=maybe_recompile pc=0x00000000024dbda0 method=java.util.HashMap.<init>(IF)V @ 115
Event: 16.481 Thread 0x000000000213a000 Uncommon trap: reason=class_check action=maybe_recompile pc=0x00000000024dbda0 method=java.util.HashMap.<init>(IF)V @ 115
Event: 16.483 Thread 0x000000000213a000 Uncommon trap: reason=class_check action=maybe_recompile pc=0x00000000024dbda0 method=java.util.HashMap.<init>(IF)V @ 115
Event: 16.595 Thread 0x000000000213a000 Uncommon trap: reason=class_check action=maybe_recompile pc=0x00000000024c5904 method=com.google.gwt.dev.jjs.impl.MakeCallsStatic$RewriteCallSites.endVisit(Lcom/google/gwt/dev/jjs/ast/JMethodCall;Lcom/google/gwt/dev/jjs/ast/Context;)V @ 65
Event: 16.598 Thread 0x000000000213a000 Uncommon trap: reason=class_check action=maybe_recompile pc=0x00000000024c5904 method=com.google.gwt.dev.jjs.impl.MakeCallsStatic$RewriteCallSites.endVisit(Lcom/google/gwt/dev/jjs/ast/JMethodCall;Lcom/google/gwt/dev/jjs/ast/Context;)V @ 65
Event: 16.599 Thread 0x000000000213a000 Uncommon trap: reason=class_check action=maybe_recompile pc=0x00000000024c5904 method=com.google.gwt.dev.jjs.impl.MakeCallsStatic$RewriteCallSites.endVisit(Lcom/google/gwt/dev/jjs/ast/JMethodCall;Lcom/google/gwt/dev/jjs/ast/Context;)V @ 65
Event: 16.601 Thread 0x000000000213a000 Uncommon trap: reason=class_check action=maybe_recompile pc=0x00000000024c5904 method=com.google.gwt.dev.jjs.impl.MakeCallsStatic$RewriteCallSites.endVisit(Lcom/google/gwt/dev/jjs/ast/JMethodCall;Lcom/google/gwt/dev/jjs/ast/Context;)V @ 65

Internal exceptions (10 events):
Event: 14.747 Thread 0x000000000213a000 Threw 0x00000000f143a290 at C:\re\jdk7u51\527\hotspot\src\share\vm\prims\jvm.cpp:1244
Event: 14.748 Thread 0x000000000213a000 Threw 0x00000000f1440090 at C:\re\jdk7u51\527\hotspot\src\share\vm\prims\jvm.cpp:1244
Event: 14.750 Thread 0x000000000213a000 Threw 0x00000000f1446218 at C:\re\jdk7u51\527\hotspot\src\share\vm\prims\jvm.cpp:1244
Event: 14.769 Thread 0x000000000213a000 Threw 0x00000000f149fc10 at C:\re\jdk7u51\527\hotspot\src\share\vm\prims\jvm.cpp:1244
Event: 15.547 Thread 0x000000000213a000 Threw 0x00000000f1a31ef8 at C:\re\jdk7u51\527\hotspot\src\share\vm\prims\jvm.cpp:1244
Event: 15.567 Thread 0x000000000213a000 Threw 0x00000000f1a3a620 at C:\re\jdk7u51\527\hotspot\src\share\vm\prims\jvm.cpp:1244
Event: 15.711 Thread 0x000000000213a000 Threw 0x00000000f1ae2d08 at C:\re\jdk7u51\527\hotspot\src\share\vm\prims\jvm.cpp:1244
Event: 15.721 Thread 0x000000000213a000 Threw 0x00000000f1aeaeb0 at C:\re\jdk7u51\527\hotspot\src\share\vm\prims\jvm.cpp:1244
Event: 15.724 Thread 0x000000000213a000 Threw 0x00000000f1af6e58 at C:\re\jdk7u51\527\hotspot\src\share\vm\prims\jvm.cpp:1244
Event: 15.726 Thread 0x000000000213a000 Threw 0x00000000f1b03578 at C:\re\jdk7u51\527\hotspot\src\share\vm\prims\jvm.cpp:1244

Events (10 events):
Event: 17.065 Executing VM operation: RevokeBias done
Event: 17.065 Executing VM operation: RevokeBias
Event: 17.065 Executing VM operation: RevokeBias done
Event: 17.065 Executing VM operation: BulkRevokeBias
Event: 17.065 Executing VM operation: BulkRevokeBias done
Event: 17.066 Executing VM operation: RevokeBias
Event: 17.067 Executing VM operation: RevokeBias done
Event: 17.111 Thread 0x0000000008376000 flushing nmethod 0x000000000255c4d0
Event: 17.256 loading class 0x00000000021a71a0
Event: 17.256 loading class 0x00000000021a71a0 done


Dynamic libraries:
0x000000013fef0000 - 0x000000013ff23000 	C:\Program Files\Java\jdk1.7.0_51\jre\bin\java.exe
0x0000000077380000 - 0x0000000077529000 	C:\Windows\SYSTEM32\ntdll.dll
0x0000000077160000 - 0x000000007727f000 	C:\Windows\system32\kernel32.dll
0x000007fefd510000 - 0x000007fefd57b000 	C:\Windows\system32\KERNELBASE.dll
0x000007fefd7d0000 - 0x000007fefd8ab000 	C:\Windows\system32\ADVAPI32.dll
0x000007fefee30000 - 0x000007fefeecf000 	C:\Windows\system32\msvcrt.dll
0x000007fefd900000 - 0x000007fefd91f000 	C:\Windows\SYSTEM32\sechost.dll
0x000007fefeed0000 - 0x000007fefeffd000 	C:\Windows\system32\RPCRT4.dll
0x0000000077280000 - 0x000000007737a000 	C:\Windows\system32\USER32.dll
0x000007feff620000 - 0x000007feff687000 	C:\Windows\system32\GDI32.dll
0x000007feff1e0000 - 0x000007feff1ee000 	C:\Windows\system32\LPK.dll
0x000007feff4c0000 - 0x000007feff589000 	C:\Windows\system32\USP10.dll
0x000007fefbbe0000 - 0x000007fefbdd4000 	C:\Windows\WinSxS\amd64_microsoft.windows.common-controls_6595b64144ccf1df_6.0.7601.17514_none_fa396087175ac9ac\COMCTL32.dll
0x000007feff440000 - 0x000007feff4b1000 	C:\Windows\system32\SHLWAPI.dll
0x000007fefd8d0000 - 0x000007fefd8fe000 	C:\Windows\system32\IMM32.DLL
0x000007feff330000 - 0x000007feff439000 	C:\Windows\system32\MSCTF.dll
0x0000000051f00000 - 0x0000000051fd2000 	C:\Program Files\Java\jdk1.7.0_51\jre\bin\msvcr100.dll
0x0000000050840000 - 0x0000000051009000 	C:\Program Files\Java\jdk1.7.0_51\jre\bin\server\jvm.dll
0x000007fef1a30000 - 0x000007fef1a39000 	C:\Windows\system32\WSOCK32.dll
0x000007fefede0000 - 0x000007fefee2d000 	C:\Windows\system32\WS2_32.dll
0x000007feff590000 - 0x000007feff598000 	C:\Windows\system32\NSI.dll
0x000007fefb110000 - 0x000007fefb14b000 	C:\Windows\system32\WINMM.dll
0x0000000077540000 - 0x0000000077547000 	C:\Windows\system32\PSAPI.DLL
0x00000000541b0000 - 0x00000000541bf000 	C:\Program Files\Java\jdk1.7.0_51\jre\bin\verify.dll
0x0000000053480000 - 0x00000000534a8000 	C:\Program Files\Java\jdk1.7.0_51\jre\bin\java.dll
0x00000000534c0000 - 0x00000000534d5000 	C:\Program Files\Java\jdk1.7.0_51\jre\bin\zip.dll
0x0000000053460000 - 0x0000000053479000 	C:\Program Files\Java\jdk1.7.0_51\jre\bin\net.dll
0x000007fefc9d0000 - 0x000007fefca25000 	C:\Windows\system32\mswsock.dll
0x000007fefc9c0000 - 0x000007fefc9c7000 	C:\Windows\System32\wship6.dll
0x000007fefc390000 - 0x000007fefc397000 	C:\Windows\System32\wshtcpip.dll
0x000007fefc810000 - 0x000007fefc86b000 	C:\Windows\system32\DNSAPI.dll
0x000007fefa7e0000 - 0x000007fefa807000 	C:\Windows\system32\IPHLPAPI.DLL
0x000007fefa8c0000 - 0x000007fefa8cb000 	C:\Windows\system32\WINNSI.DLL
0x000007fef8ef0000 - 0x000007fef8ef8000 	C:\Windows\system32\rasadhlp.dll
0x000007fefa860000 - 0x000007fefa8b3000 	C:\Windows\System32\fwpuclnt.dll
0x000007fefca30000 - 0x000007fefca47000 	C:\Windows\system32\CRYPTSP.dll
0x000007fefc6f0000 - 0x000007fefc737000 	C:\Windows\system32\rsaenh.dll
0x000007fefc4b0000 - 0x000007fefc4ce000 	C:\Windows\system32\USERENV.dll
0x000007fefd160000 - 0x000007fefd16f000 	C:\Windows\system32\profapi.dll
0x000007fefd090000 - 0x000007fefd09f000 	C:\Windows\system32\CRYPTBASE.dll
0x000007fefb250000 - 0x000007fefb265000 	C:\Windows\system32\NLAapi.dll
0x000007fef5dc0000 - 0x000007fef5dd5000 	C:\Windows\system32\napinsp.dll
0x000007fef5da0000 - 0x000007fef5db9000 	C:\Windows\system32\pnrpnsp.dll
0x000007fef5a90000 - 0x000007fef5a9b000 	C:\Windows\System32\winrnr.dll
0x0000000053440000 - 0x0000000053451000 	C:\Program Files\Java\jdk1.7.0_51\jre\bin\nio.dll

VM Arguments:
jvm_args: -Dgwt.persistentunitcachedir=C:\Users\Alex\Documents\GitHub\EC-EC2\build\gwt\cache -Xms512M -Xmx1024M -Dfile.encoding=windows-1252 -Duser.country=US -Duser.language=en -Duser.variant 
java_command: com.google.gwt.dev.CompilePermsServer -host localhost -port 7384 -logLevel WARN -cookie D0577F6063A8001573C259D8AE57BECA
Launcher Type: SUN_STANDARD

Environment Variables:
JAVA_HOME=C:\Program Files\Java\jdk1.7.0_51
CLASSPATH=C:\Users\Alex\Documents\GitHub\EC-EC2\\gradle\wrapper\gradle-wrapper.jar
PATH=C:\Program Files (x86)\AMD APP\bin\x86_64;C:\Program Files (x86)\AMD APP\bin\x86;C:\Program Files\Broadcom\Broadcom 802.11 Network Adapter\Driver;C:\Windows\system32;C:\Windows;C:\Windows\System32\Wbem;C:\Windows\System32\WindowsPowerShell\v1.0\;C:\Program Files (x86)\ATI Technologies\ATI.ACE\Core-Static;C:\Program Files (x86)\OpenSSH\bin;C:\Program Files\Perforce;C:\Program Files\Java\jdk1.7.0_51\bin;C:\Users\Alex\Downloads\ant\ant\bin;C:\Program Files\TortoiseSVN\bin;C:\Program Files (x86)\Windows Kits\8.1\Windows Performance Toolkit\;C:\Program Files\Microsoft SQL Server\110\Tools\Binn\;C:\Program Files (x86)\nodejs\;C:\Program Files (x86)\MySQL\MySQL Fabric 1.5.2 & MySQL Utilities 1.5.2 1.5\;C:\Program Files (x86)\MySQL\MySQL Fabric 1.5.2 & MySQL Utilities 1.5.2 1.5\Doctrine extensions for PHP\;C:\Program Files (x86)\Git\cmd;C:\Program Files (x86)\GnuWin32\bin;C:\Program Files (x86)\Groovy\Groovy-2.4.0\bin;C:\opscode\chefdk\bin;C:\opscode\chefdk\bin;C:\Program Files (x86)\Skype\Phone\;C:\HashiCorp\Vagrant\bin;C:\Program Files\Electric Cloud\ElectricCommander\bin;C:\Users\Alex\Downloads\gradle-2.3-all\gradle-2.3\bin;C:\Program Files\Perforce\Server;C:\Program Files\Java\jdk1.7.0_51\bin;C:\Program Files\Java\jdk1.7.0_51\bin;C:\Users\Alex\Downloads\ant\ant\bin;C:\Program Files\Electric Cloud\ElectricCommander\bin;C:\Program Files\Electric Cloud\ElectricCommander\jre\bin;C:\Users\Alex\Downloads\curl-7.37.0-1.tar(1)\curl-7.37.0-1\usr\bin;C:\Users\Alex\Downloads\apache-maven-3.2.1-bin\apache-maven-3.2.1\bin;C:\Program Files\Oracle\VirtualBox;C:\Users\Alex\AppData\Roaming\npm;C:\Program Files\Boot2Docker for Windows;C:\Program Files (x86)\Groovy\Groovy-2.4.0\bin;C:\opscode\chefdk\bin
USERNAME=Alex
OS=Windows_NT
PROCESSOR_IDENTIFIER=AMD64 Family 21 Model 16 Stepping 1, AuthenticAMD



---------------  S Y S T E M  ---------------

OS: Windows 7 , 64 bit Build 7601 Service Pack 1

CPU:total 4 (4 cores per cpu, 1 threads per core) family 21 model 16 stepping 1, cmov, cx8, fxsr, mmx, sse, sse2, sse3, ssse3, sse4.1, sse4.2, popcnt, avx, aes, mmxext, 3dnowpref, lzcnt, sse4a, tsc, tscinvbit, tscinv

Memory: 4k page, physical 7496452k(1617056k free), swap 8018880k(5236k free)

vm_info: Java HotSpot(TM) 64-Bit Server VM (24.51-b03) for windows-amd64 JRE (1.7.0_51-b13), built on Dec 18 2013 18:40:56 by "java_re" with unknown MS VC++:1600

